<?xml version="1.0" encoding="UTF-8"?>
<!-- Generated by org.testng.reporters.JUnitReportReporter -->
<testsuite hostname="Anu" failures="0" tests="1" name="testscript.LoginPageTest" time="3.741" errors="0" timestamp="2024-12-13T22:37:19 IST" skipped="0">
  <testcase classname="testscript.LoginPageTest" name="verifyUserIsAbleToLoginWithValidCredentials" time="3.741"/>
  <system-out/>
</testsuite> <!-- testscript.LoginPageTest -->
