<?xml version="1.0" encoding="UTF-8"?>
<!-- Generated by org.testng.reporters.JUnitReportReporter -->
<testsuite hostname="DESKTOP-D08V9LL" failures="0" tests="1" name="testscript.ManageProductTest" time="19.906" errors="0" timestamp="2024-12-09T14:39:38 IST" skipped="0">
  <testcase classname="testscript.ManageProductTest" name="verifyifAdminIsAbletoDeleteAProductFromList" time="19.906"/>
  <system-out/>
</testsuite> <!-- testscript.ManageProductTest -->
