<?xml version="1.0" encoding="UTF-8"?>
<!-- Generated by org.testng.reporters.JUnitReportReporter -->
<testsuite hostname="DESKTOP-D08V9LL" failures="0" tests="1" name="testscript.CategorySearchTest" time="12.296" errors="0" timestamp="2024-12-09T14:37:38 IST" skipped="0">
  <testcase classname="testscript.CategorySearchTest" name="verifyifAdminIsAbletoSearchCategory" time="12.296"/>
  <system-out/>
</testsuite> <!-- testscript.CategorySearchTest -->
