<?xml version="1.0" encoding="UTF-8"?>
<!-- Generated by org.testng.reporters.JUnitReportReporter -->
<testsuite hostname="DESKTOP-D08V9LL" failures="0" tests="1" name="testscript.AdminUserSearchTest" time="12.887" errors="0" timestamp="2024-12-09T14:32:22 IST" skipped="0">
  <testcase classname="testscript.AdminUserSearchTest" name="verifyifAdminIsAbletosearchnewuser" time="12.887"/>
  <system-out/>
</testsuite> <!-- testscript.AdminUserSearchTest -->
