<?xml version="1.0" encoding="UTF-8"?>
<!-- Generated by org.testng.reporters.JUnitReportReporter -->
<testsuite hostname="Anu" failures="0" tests="2" name="testscript.ManageNewsTest" time="6.562" errors="0" timestamp="2024-12-17T11:33:43 IST" skipped="1">
  <testcase classname="testscript.ManageNewsTest" name="verifyifAdminIsAbletoaddnewuser" time="2.410">
    <skipped/>
  </testcase> <!-- verifyifAdminIsAbletoaddnewuser -->
  <testcase classname="testscript.ManageNewsTest" name="verifyifAdminIsAbletoaddnewuser" time="4.152"/>
</testsuite> <!-- testscript.ManageNewsTest -->
