<?xml version="1.0" encoding="UTF-8"?>
<!-- Generated by org.testng.reporters.JUnitReportReporter -->
<testsuite hostname="Anu" failures="0" tests="1" name="testscript.AdminUserUpdateTest" time="5.643" errors="0" timestamp="2024-12-14T20:31:45 IST" skipped="0">
  <testcase classname="testscript.AdminUserUpdateTest" name="verifyifAdminIsAbletUpdateUserDetails" time="5.643"/>
  <system-out/>
</testsuite> <!-- testscript.AdminUserUpdateTest -->
