<?xml version="1.0" encoding="UTF-8"?>
<!-- Generated by org.testng.reporters.JUnitReportReporter -->
<testsuite hostname="DESKTOP-D08V9LL" failures="0" tests="1" name="testscript.SubCategoryTest" time="13.598" errors="0" timestamp="2024-12-09T14:40:42 IST" skipped="0">
  <testcase classname="testscript.SubCategoryTest" name="verifyifAdminIsAbletoaddCategory" time="13.598"/>
  <system-out/>
</testsuite> <!-- testscript.SubCategoryTest -->
