<?xml version="1.0" encoding="UTF-8"?>
<!-- Generated by org.testng.reporters.JUnitReportReporter -->
<testsuite hostname="DESKTOP-D08V9LL" failures="0" tests="1" name="testscript.Base" time="22.886" errors="0" timestamp="2024-12-09T13:15:09 IST" skipped="0">
  <testcase classname="testscript.Base" name="beforeMethod" time="22.886"/>
  <system-out/>
</testsuite> <!-- testscript.Base -->
