<?xml version="1.0" encoding="UTF-8"?>
<!-- Generated by org.testng.reporters.JUnitReportReporter -->
<testsuite hostname="DESKTOP-D08V9LL" failures="0" tests="1" name="testscript.AdminUserUpdateTest" time="13.860" errors="0" timestamp="2024-12-09T14:43:22 IST" skipped="0">
  <testcase classname="testscript.AdminUserUpdateTest" name="verifyifAdminIsAbletUpdateUserDetails" time="13.860"/>
  <system-out/>
</testsuite> <!-- testscript.AdminUserUpdateTest -->
