<?xml version="1.0" encoding="UTF-8"?>
<!-- Generated by org.testng.reporters.JUnitReportReporter -->
<testsuite hostname="Anu" failures="0" tests="1" name="testscript.CategorySearchTest" time="4.334" errors="0" timestamp="2024-12-14T20:43:59 IST" skipped="0">
  <testcase classname="testscript.CategorySearchTest" name="verifyifAdminIsAbletoSearchCategory" time="4.334"/>
  <system-out/>
</testsuite> <!-- testscript.CategorySearchTest -->
